# JRE version: Java(TM) SE Runtime Environment (8.0_151-b12) (build 1.8.0_151-b12)
# Java VM: Java HotSpot(TM) 64-Bit Server VM (25.151-b12 mixed mode linux-amd64 compressed oops)
Heap:
 PSYoungGen      total 265728K, used 43488K [0x00000000eab00000, 0x0000000100000000, 0x0000000100000000)
  eden space 222208K, 0% used [0x00000000eab00000,0x00000000eab00000,0x00000000f8400000)
  from space 43520K, 99% used [0x00000000fd580000,0x00000000ffff8088,0x0000000100000000)
  to   space 63488K, 0% used [0x00000000f8400000,0x00000000f8400000,0x00000000fc200000)
 ParOldGen       total 699392K, used 35262K [0x00000000c0000000, 0x00000000eab00000, 0x00000000eab00000)
  object space 699392K, 5% used [0x00000000c0000000,0x00000000c226fb38,0x00000000eab00000)
 Metaspace       used 74002K, capacity 74760K, committed 74880K, reserved 1110016K
  class space    used 13917K, capacity 14125K, committed 14208K, reserved 1048576K
GC Heap History (10 events):
Event: 5.123 GC heap after
Heap after GC invocations=8 (full 4):
 PSYoungGen      total 305664K, used 0K [0x00000000eab00000, 0x0000000100000000, 0x0000000100000000)
  eden space 262144K, 0% used [0x00000000eab00000,0x00000000eab00000,0x00000000fab00000)
  from space 43520K, 0% used [0x00000000fd580000,0x00000000fd580000,0x0000000100000000)
  to   space 43520K, 0% used [0x00000000fab00000,0x00000000fab00000,0x00000000fd580000)
 ParOldGen       total 699392K, used 11052K [0x00000000c0000000, 0x00000000eab00000, 0x00000000eab00000)
  object space 699392K, 1% used [0x00000000c0000000,0x00000000c0acb3b8,0x00000000eab00000)
 Metaspace       used 44162K, capacity 44536K, committed 44928K, reserved 1085440K
  class space    used 8406K, capacity 8503K, committed 8576K, reserved 1048576K
}
Event: 6.870 GC heap before
{Heap before GC invocations=9 (full 4):
 PSYoungGen      total 305664K, used 262144K [0x00000000eab00000, 0x0000000100000000, 0x0000000100000000)
  eden space 262144K, 100% used [0x00000000eab00000,0x00000000fab00000,0x00000000fab00000)
  from space 43520K, 0% used [0x00000000fd580000,0x00000000fd580000,0x0000000100000000)
  to   space 43520K, 0% used [0x00000000fab00000,0x00000000fab00000,0x00000000fd580000)
 ParOldGen       total 699392K, used 11052K [0x00000000c0000000, 0x00000000eab00000, 0x00000000eab00000)
  object space 699392K, 1% used [0x00000000c0000000,0x00000000c0acb3b8,0x00000000eab00000)
 Metaspace       used 49156K, capacity 49638K, committed 49792K, reserved 1089536K
  class space    used 9636K, capacity 9800K, committed 9856K, reserved 1048576K
Event: 6.888 GC heap after
Heap after GC invocations=9 (full 4):
 PSYoungGen      total 305664K, used 17334K [0x00000000eab00000, 0x0000000100000000, 0x0000000100000000)
  eden space 262144K, 0% used [0x00000000eab00000,0x00000000eab00000,0x00000000fab00000)
  from space 43520K, 39% used [0x00000000fab00000,0x00000000fbbedbb8,0x00000000fd580000)
  to   space 43520K, 0% used [0x00000000fd580000,0x00000000fd580000,0x0000000100000000)
 ParOldGen       total 699392K, used 11060K [0x00000000c0000000, 0x00000000eab00000, 0x00000000eab00000)
  object space 699392K, 1% used [0x00000000c0000000,0x00000000c0acd3b8,0x00000000eab00000)
 Metaspace       used 49156K, capacity 49638K, committed 49792K, reserved 1089536K
  class space    used 9636K, capacity 9800K, committed 9856K, reserved 1048576K
}
Event: 8.761 GC heap before
{Heap before GC invocations=10 (full 4):
 PSYoungGen      total 305664K, used 279478K [0x00000000eab00000, 0x0000000100000000, 0x0000000100000000)
  eden space 262144K, 100% used [0x00000000eab00000,0x00000000fab00000,0x00000000fab00000)
  from space 43520K, 39% used [0x00000000fab00000,0x00000000fbbedbb8,0x00000000fd580000)
  to   space 43520K, 0% used [0x00000000fd580000,0x00000000fd580000,0x0000000100000000)
 ParOldGen       total 699392K, used 11060K [0x00000000c0000000, 0x00000000eab00000, 0x00000000eab00000)
  object space 699392K, 1% used [0x00000000c0000000,0x00000000c0acd3b8,0x00000000eab00000)
 Metaspace       used 58228K, capacity 58766K, committed 58880K, reserved 1097728K
  class space    used 11047K, capacity 11198K, committed 11264K, reserved 1048576K
Event: 8.806 GC heap after
Heap after GC invocations=10 (full 4):
 PSYoungGen      total 305664K, used 33973K [0x00000000eab00000, 0x0000000100000000, 0x0000000100000000)
  eden space 262144K, 0% used [0x00000000eab00000,0x00000000eab00000,0x00000000fab00000)
  from space 43520K, 78% used [0x00000000fd580000,0x00000000ff6ad538,0x0000000100000000)
  to   space 43520K, 0% used [0x00000000fab00000,0x00000000fab00000,0x00000000fd580000)
 ParOldGen       total 699392K, used 11068K [0x00000000c0000000, 0x00000000eab00000, 0x00000000eab00000)
  object space 699392K, 1% used [0x00000000c0000000,0x00000000c0acf3b8,0x00000000eab00000)
 Metaspace       used 58228K, capacity 58766K, committed 58880K, reserved 1097728K
  class space    used 11047K, capacity 11198K, committed 11264K, reserved 1048576K
}
Event: 10.249 GC heap before
{Heap before GC invocations=11 (full 4):
 PSYoungGen      total 305664K, used 296117K [0x00000000eab00000, 0x0000000100000000, 0x0000000100000000)
  eden space 262144K, 100% used [0x00000000eab00000,0x00000000fab00000,0x00000000fab00000)
  from space 43520K, 78% used [0x00000000fd580000,0x00000000ff6ad538,0x0000000100000000)
  to   space 43520K, 0% used [0x00000000fab00000,0x00000000fab00000,0x00000000fd580000)
 ParOldGen       total 699392K, used 11068K [0x00000000c0000000, 0x00000000eab00000, 0x00000000eab00000)
  object space 699392K, 1% used [0x00000000c0000000,0x00000000c0acf3b8,0x00000000eab00000)
 Metaspace       used 63788K, capacity 64380K, committed 64512K, reserved 1101824K
  class space    used 12023K, capacity 12225K, committed 12288K, reserved 1048576K
Event: 10.310 GC heap after
Heap after GC invocations=11 (full 4):
 PSYoungGen      total 305664K, used 43508K [0x00000000eab00000, 0x0000000100000000, 0x0000000100000000)
  eden space 262144K, 0% used [0x00000000eab00000,0x00000000eab00000,0x00000000fab00000)
  from space 43520K, 99% used [0x00000000fab00000,0x00000000fd57d110,0x00000000fd580000)
  to   space 43520K, 0% used [0x00000000fd580000,0x00000000fd580000,0x0000000100000000)
 ParOldGen       total 699392K, used 20527K [0x00000000c0000000, 0x00000000eab00000, 0x00000000eab00000)
  object space 699392K, 2% used [0x00000000c0000000,0x00000000c140bd58,0x00000000eab00000)
 Metaspace       used 63788K, capacity 64380K, committed 64512K, reserved 1101824K
  class space    used 12023K, capacity 12225K, committed 12288K, reserved 1048576K
}
Event: 10.989 GC heap before
{Heap before GC invocations=12 (full 4):
 PSYoungGen      total 305664K, used 131118K [0x00000000eab00000, 0x0000000100000000, 0x0000000100000000)
  eden space 262144K, 33% used [0x00000000eab00000,0x00000000f008e758,0x00000000fab00000)
  from space 43520K, 99% used [0x00000000fab00000,0x00000000fd57d110,0x00000000fd580000)
  to   space 43520K, 0% used [0x00000000fd580000,0x00000000fd580000,0x0000000100000000)
 ParOldGen       total 699392K, used 20527K [0x00000000c0000000, 0x00000000eab00000, 0x00000000eab00000)
  object space 699392K, 2% used [0x00000000c0000000,0x00000000c140bd58,0x00000000eab00000)
 Metaspace       used 74002K, capacity 74760K, committed 74880K, reserved 1110016K
  class space    used 13917K, capacity 14125K, committed 14208K, reserved 1048576K
Event: 11.030 GC heap after
Heap after GC invocations=12 (full 4):
 PSYoungGen      total 265728K, used 43488K [0x00000000eab00000, 0x0000000100000000, 0x0000000100000000)
  eden space 222208K, 0% used [0x00000000eab00000,0x00000000eab00000,0x00000000f8400000)
  from space 43520K, 99% used [0x00000000fd580000,0x00000000ffff8088,0x0000000100000000)
  to   space 63488K, 0% used [0x00000000f8400000,0x00000000f8400000,0x00000000fc200000)
 ParOldGen       total 699392K, used 35262K [0x00000000c0000000, 0x00000000eab00000, 0x00000000eab00000)
  object space 699392K, 5% used [0x00000000c0000000,0x00000000c226fb38,0x00000000eab00000)
 Metaspace       used 74002K, capacity 74760K, committed 74880K, reserved 1110016K
  class space    used 13917K, capacity 14125K, committed 14208K, reserved 1048576K
}
Event: 11.030 GC heap before
{Heap before GC invocations=13 (full 5):
 PSYoungGen      total 265728K, used 43488K [0x00000000eab00000, 0x0000000100000000, 0x0000000100000000)
  eden space 222208K, 0% used [0x00000000eab00000,0x00000000eab00000,0x00000000f8400000)
  from space 43520K, 99% used [0x00000000fd580000,0x00000000ffff8088,0x0000000100000000)
  to   space 63488K, 0% used [0x00000000f8400000,0x00000000f8400000,0x00000000fc200000)
 ParOldGen       total 699392K, used 35262K [0x00000000c0000000, 0x00000000eab00000, 0x00000000eab00000)
  object space 699392K, 5% used [0x00000000c0000000,0x00000000c226fb38,0x00000000eab00000)
 Metaspace       used 74002K, capacity 74760K, committed 74880K, reserved 1110016K
  class space    used 13917K, capacity 14125K, committed 14208K, reserved 1048576K

