# JRE version: Java(TM) SE Runtime Environment (8.0_151-b12) (build 1.8.0_151-b12)
# Java VM: Java HotSpot(TM) 64-Bit Server VM (25.151-b12 mixed mode linux-amd64 compressed oops)
Heap:
 PSYoungGen      total 305664K, used 295687K [0x00000000eab00000, 0x0000000100000000, 0x0000000100000000)
  eden space 262144K, 100% used [0x00000000eab00000,0x00000000fab00000,0x00000000fab00000)
  from space 43520K, 77% used [0x00000000fd580000,0x00000000ff641df0,0x0000000100000000)
  to   space 43520K, 29% used [0x00000000fab00000,0x00000000fb759070,0x00000000fd580000)
 ParOldGen       total 699392K, used 11065K [0x00000000c0000000, 0x00000000eab00000, 0x00000000eab00000)
  object space 699392K, 1% used [0x00000000c0000000,0x00000000c0ace498,0x00000000eab00000)
 Metaspace       used 63680K, capacity 64220K, committed 64512K, reserved 1101824K
  class space    used 12003K, capacity 12193K, committed 12288K, reserved 1048576K
GC Heap History (10 events):
Event: 3.712 GC heap after
Heap after GC invocations=6 (full 3):
 PSYoungGen      total 305664K, used 0K [0x00000000eab00000, 0x0000000100000000, 0x0000000100000000)
  eden space 262144K, 0% used [0x00000000eab00000,0x00000000eab00000,0x00000000fab00000)
  from space 43520K, 0% used [0x00000000fab00000,0x00000000fab00000,0x00000000fd580000)
  to   space 43520K, 0% used [0x00000000fd580000,0x00000000fd580000,0x0000000100000000)
 ParOldGen       total 699392K, used 16834K [0x00000000c0000000, 0x00000000eab00000, 0x00000000eab00000)
  object space 699392K, 2% used [0x00000000c0000000,0x00000000c10708f0,0x00000000eab00000)
 Metaspace       used 44162K, capacity 44466K, committed 44672K, reserved 1085440K
  class space    used 8405K, capacity 8502K, committed 8576K, reserved 1048576K
}
Event: 3.718 GC heap before
{Heap before GC invocations=7 (full 3):
 PSYoungGen      total 305664K, used 10485K [0x00000000eab00000, 0x0000000100000000, 0x0000000100000000)
  eden space 262144K, 4% used [0x00000000eab00000,0x00000000eb53d780,0x00000000fab00000)
  from space 43520K, 0% used [0x00000000fab00000,0x00000000fab00000,0x00000000fd580000)
  to   space 43520K, 0% used [0x00000000fd580000,0x00000000fd580000,0x0000000100000000)
 ParOldGen       total 699392K, used 16834K [0x00000000c0000000, 0x00000000eab00000, 0x00000000eab00000)
  object space 699392K, 2% used [0x00000000c0000000,0x00000000c10708f0,0x00000000eab00000)
 Metaspace       used 44167K, capacity 44472K, committed 44672K, reserved 1085440K
  class space    used 8406K, capacity 8503K, committed 8576K, reserved 1048576K
Event: 3.721 GC heap after
Heap after GC invocations=7 (full 3):
 PSYoungGen      total 305664K, used 96K [0x00000000eab00000, 0x0000000100000000, 0x0000000100000000)
  eden space 262144K, 0% used [0x00000000eab00000,0x00000000eab00000,0x00000000fab00000)
  from space 43520K, 0% used [0x00000000fd580000,0x00000000fd598000,0x0000000100000000)
  to   space 43520K, 0% used [0x00000000fab00000,0x00000000fab00000,0x00000000fd580000)
 ParOldGen       total 699392K, used 16834K [0x00000000c0000000, 0x00000000eab00000, 0x00000000eab00000)
  object space 699392K, 2% used [0x00000000c0000000,0x00000000c10708f0,0x00000000eab00000)
 Metaspace       used 44167K, capacity 44472K, committed 44672K, reserved 1085440K
  class space    used 8406K, capacity 8503K, committed 8576K, reserved 1048576K
}
Event: 3.721 GC heap before
{Heap before GC invocations=8 (full 4):
 PSYoungGen      total 305664K, used 96K [0x00000000eab00000, 0x0000000100000000, 0x0000000100000000)
  eden space 262144K, 0% used [0x00000000eab00000,0x00000000eab00000,0x00000000fab00000)
  from space 43520K, 0% used [0x00000000fd580000,0x00000000fd598000,0x0000000100000000)
  to   space 43520K, 0% used [0x00000000fab00000,0x00000000fab00000,0x00000000fd580000)
 ParOldGen       total 699392K, used 16834K [0x00000000c0000000, 0x00000000eab00000, 0x00000000eab00000)
  object space 699392K, 2% used [0x00000000c0000000,0x00000000c10708f0,0x00000000eab00000)
 Metaspace       used 44167K, capacity 44472K, committed 44672K, reserved 1085440K
  class space    used 8406K, capacity 8503K, committed 8576K, reserved 1048576K
Event: 3.765 GC heap after
Heap after GC invocations=8 (full 4):
 PSYoungGen      total 305664K, used 0K [0x00000000eab00000, 0x0000000100000000, 0x0000000100000000)
  eden space 262144K, 0% used [0x00000000eab00000,0x00000000eab00000,0x00000000fab00000)
  from space 43520K, 0% used [0x00000000fd580000,0x00000000fd580000,0x0000000100000000)
  to   space 43520K, 0% used [0x00000000fab00000,0x00000000fab00000,0x00000000fd580000)
 ParOldGen       total 699392K, used 11049K [0x00000000c0000000, 0x00000000eab00000, 0x00000000eab00000)
  object space 699392K, 1% used [0x00000000c0000000,0x00000000c0aca498,0x00000000eab00000)
 Metaspace       used 44167K, capacity 44472K, committed 44672K, reserved 1085440K
  class space    used 8406K, capacity 8503K, committed 8576K, reserved 1048576K
}
Event: 5.326 GC heap before
{Heap before GC invocations=9 (full 4):
 PSYoungGen      total 305664K, used 262144K [0x00000000eab00000, 0x0000000100000000, 0x0000000100000000)
  eden space 262144K, 100% used [0x00000000eab00000,0x00000000fab00000,0x00000000fab00000)
  from space 43520K, 0% used [0x00000000fd580000,0x00000000fd580000,0x0000000100000000)
  to   space 43520K, 0% used [0x00000000fab00000,0x00000000fab00000,0x00000000fd580000)
 ParOldGen       total 699392K, used 11049K [0x00000000c0000000, 0x00000000eab00000, 0x00000000eab00000)
  object space 699392K, 1% used [0x00000000c0000000,0x00000000c0aca498,0x00000000eab00000)
 Metaspace       used 49164K, capacity 49702K, committed 49792K, reserved 1089536K
  class space    used 9637K, capacity 9800K, committed 9856K, reserved 1048576K
Event: 5.339 GC heap after
Heap after GC invocations=9 (full 4):
 PSYoungGen      total 305664K, used 17491K [0x00000000eab00000, 0x0000000100000000, 0x0000000100000000)
  eden space 262144K, 0% used [0x00000000eab00000,0x00000000eab00000,0x00000000fab00000)
  from space 43520K, 40% used [0x00000000fab00000,0x00000000fbc14f28,0x00000000fd580000)
  to   space 43520K, 0% used [0x00000000fd580000,0x00000000fd580000,0x0000000100000000)
 ParOldGen       total 699392K, used 11057K [0x00000000c0000000, 0x00000000eab00000, 0x00000000eab00000)
  object space 699392K, 1% used [0x00000000c0000000,0x00000000c0acc498,0x00000000eab00000)
 Metaspace       used 49164K, capacity 49702K, committed 49792K, reserved 1089536K
  class space    used 9637K, capacity 9800K, committed 9856K, reserved 1048576K
}
Event: 6.793 GC heap before
{Heap before GC invocations=10 (full 4):
 PSYoungGen      total 305664K, used 279635K [0x00000000eab00000, 0x0000000100000000, 0x0000000100000000)
  eden space 262144K, 100% used [0x00000000eab00000,0x00000000fab00000,0x00000000fab00000)
  from space 43520K, 40% used [0x00000000fab00000,0x00000000fbc14f28,0x00000000fd580000)
  to   space 43520K, 0% used [0x00000000fd580000,0x00000000fd580000,0x0000000100000000)
 ParOldGen       total 699392K, used 11057K [0x00000000c0000000, 0x00000000eab00000, 0x00000000eab00000)
  object space 699392K, 1% used [0x00000000c0000000,0x00000000c0acc498,0x00000000eab00000)
 Metaspace       used 58234K, capacity 58702K, committed 58880K, reserved 1097728K
  class space    used 11047K, capacity 11198K, committed 11264K, reserved 1048576K
Event: 6.827 GC heap after
Heap after GC invocations=10 (full 4):
 PSYoungGen      total 305664K, used 33543K [0x00000000eab00000, 0x0000000100000000, 0x0000000100000000)
  eden space 262144K, 0% used [0x00000000eab00000,0x00000000eab00000,0x00000000fab00000)
  from space 43520K, 77% used [0x00000000fd580000,0x00000000ff641df0,0x0000000100000000)
  to   space 43520K, 0% used [0x00000000fab00000,0x00000000fab00000,0x00000000fd580000)
 ParOldGen       total 699392K, used 11065K [0x00000000c0000000, 0x00000000eab00000, 0x00000000eab00000)
  object space 699392K, 1% used [0x00000000c0000000,0x00000000c0ace498,0x00000000eab00000)
 Metaspace       used 58234K, capacity 58702K, committed 58880K, reserved 1097728K
  class space    used 11047K, capacity 11198K, committed 11264K, reserved 1048576K
}
Event: 7.929 GC heap before
{Heap before GC invocations=11 (full 4):
 PSYoungGen      total 305664K, used 295687K [0x00000000eab00000, 0x0000000100000000, 0x0000000100000000)
  eden space 262144K, 100% used [0x00000000eab00000,0x00000000fab00000,0x00000000fab00000)
  from space 43520K, 77% used [0x00000000fd580000,0x00000000ff641df0,0x0000000100000000)
  to   space 43520K, 0% used [0x00000000fab00000,0x00000000fab00000,0x00000000fd580000)
 ParOldGen       total 699392K, used 11065K [0x00000000c0000000, 0x00000000eab00000, 0x00000000eab00000)
  object space 699392K, 1% used [0x00000000c0000000,0x00000000c0ace498,0x00000000eab00000)
 Metaspace       used 63680K, capacity 64220K, committed 64512K, reserved 1101824K
  class space    used 12003K, capacity 12193K, committed 12288K, reserved 1048576K

