# JRE version: Java(TM) SE Runtime Environment (8.0_151-b12) (build 1.8.0_151-b12)
# Java VM: Java HotSpot(TM) 64-Bit Server VM (25.151-b12 mixed mode linux-amd64 compressed oops)
Heap:
 PSYoungGen      total 305664K, used 193351K [0x00000000eab00000, 0x0000000100000000, 0x0000000100000000)
  eden space 262144K, 67% used [0x00000000eab00000,0x00000000f56d8d40,0x00000000fab00000)
  from space 43520K, 39% used [0x00000000fab00000,0x00000000fbbf8f18,0x00000000fd580000)
  to   space 43520K, 0% used [0x00000000fd580000,0x00000000fd580000,0x0000000100000000)
 ParOldGen       total 699392K, used 11052K [0x00000000c0000000, 0x00000000eab00000, 0x00000000eab00000)
  object space 699392K, 1% used [0x00000000c0000000,0x00000000c0acb3c8,0x00000000eab00000)
 Metaspace       used 57936K, capacity 58428K, committed 58752K, reserved 1097728K
  class space    used 10970K, capacity 11129K, committed 11136K, reserved 1048576K
GC Heap History (10 events):
Event: 4.398 GC heap before
{Heap before GC invocations=5 (full 2):
 PSYoungGen      total 305664K, used 104870K [0x00000000eab00000, 0x0000000100000000, 0x0000000100000000)
  eden space 262144K, 40% used [0x00000000eab00000,0x00000000f1169918,0x00000000fab00000)
  from space 43520K, 0% used [0x00000000fd580000,0x00000000fd580000,0x0000000100000000)
  to   space 43520K, 0% used [0x00000000fab00000,0x00000000fab00000,0x00000000fd580000)
 ParOldGen       total 699392K, used 17109K [0x00000000c0000000, 0x00000000eab00000, 0x00000000eab00000)
  object space 699392K, 2% used [0x00000000c0000000,0x00000000c10b55d0,0x00000000eab00000)
 Metaspace       used 44148K, capacity 44466K, committed 44672K, reserved 1085440K
  class space    used 8404K, capacity 8502K, committed 8576K, reserved 1048576K
Event: 4.405 GC heap after
Heap after GC invocations=5 (full 2):
 PSYoungGen      total 305664K, used 10972K [0x00000000eab00000, 0x0000000100000000, 0x0000000100000000)
  eden space 262144K, 0% used [0x00000000eab00000,0x00000000eab00000,0x00000000fab00000)
  from space 43520K, 25% used [0x00000000fab00000,0x00000000fb5b7170,0x00000000fd580000)
  to   space 43520K, 0% used [0x00000000fd580000,0x00000000fd580000,0x0000000100000000)
 ParOldGen       total 699392K, used 17117K [0x00000000c0000000, 0x00000000eab00000, 0x00000000eab00000)
  object space 699392K, 2% used [0x00000000c0000000,0x00000000c10b75d0,0x00000000eab00000)
 Metaspace       used 44148K, capacity 44466K, committed 44672K, reserved 1085440K
  class space    used 8404K, capacity 8502K, committed 8576K, reserved 1048576K
}
Event: 4.405 GC heap before
{Heap before GC invocations=6 (full 3):
 PSYoungGen      total 305664K, used 10972K [0x00000000eab00000, 0x0000000100000000, 0x0000000100000000)
  eden space 262144K, 0% used [0x00000000eab00000,0x00000000eab00000,0x00000000fab00000)
  from space 43520K, 25% used [0x00000000fab00000,0x00000000fb5b7170,0x00000000fd580000)
  to   space 43520K, 0% used [0x00000000fd580000,0x00000000fd580000,0x0000000100000000)
 ParOldGen       total 699392K, used 17117K [0x00000000c0000000, 0x00000000eab00000, 0x00000000eab00000)
  object space 699392K, 2% used [0x00000000c0000000,0x00000000c10b75d0,0x00000000eab00000)
 Metaspace       used 44148K, capacity 44466K, committed 44672K, reserved 1085440K
  class space    used 8404K, capacity 8502K, committed 8576K, reserved 1048576K
Event: 4.469 GC heap after
Heap after GC invocations=6 (full 3):
 PSYoungGen      total 305664K, used 0K [0x00000000eab00000, 0x0000000100000000, 0x0000000100000000)
  eden space 262144K, 0% used [0x00000000eab00000,0x00000000eab00000,0x00000000fab00000)
  from space 43520K, 0% used [0x00000000fab00000,0x00000000fab00000,0x00000000fd580000)
  to   space 43520K, 0% used [0x00000000fd580000,0x00000000fd580000,0x0000000100000000)
 ParOldGen       total 699392K, used 16835K [0x00000000c0000000, 0x00000000eab00000, 0x00000000eab00000)
  object space 699392K, 2% used [0x00000000c0000000,0x00000000c1070dd0,0x00000000eab00000)
 Metaspace       used 44148K, capacity 44466K, committed 44672K, reserved 1085440K
  class space    used 8404K, capacity 8502K, committed 8576K, reserved 1048576K
}
Event: 4.476 GC heap before
{Heap before GC invocations=7 (full 3):
 PSYoungGen      total 305664K, used 10485K [0x00000000eab00000, 0x0000000100000000, 0x0000000100000000)
  eden space 262144K, 4% used [0x00000000eab00000,0x00000000eb53d790,0x00000000fab00000)
  from space 43520K, 0% used [0x00000000fab00000,0x00000000fab00000,0x00000000fd580000)
  to   space 43520K, 0% used [0x00000000fd580000,0x00000000fd580000,0x0000000100000000)
 ParOldGen       total 699392K, used 16835K [0x00000000c0000000, 0x00000000eab00000, 0x00000000eab00000)
  object space 699392K, 2% used [0x00000000c0000000,0x00000000c1070dd0,0x00000000eab00000)
 Metaspace       used 44153K, capacity 44536K, committed 44928K, reserved 1085440K
  class space    used 8406K, capacity 8503K, committed 8576K, reserved 1048576K
Event: 4.477 GC heap after
Heap after GC invocations=7 (full 3):
 PSYoungGen      total 305664K, used 96K [0x00000000eab00000, 0x0000000100000000, 0x0000000100000000)
  eden space 262144K, 0% used [0x00000000eab00000,0x00000000eab00000,0x00000000fab00000)
  from space 43520K, 0% used [0x00000000fd580000,0x00000000fd598000,0x0000000100000000)
  to   space 43520K, 0% used [0x00000000fab00000,0x00000000fab00000,0x00000000fd580000)
 ParOldGen       total 699392K, used 16835K [0x00000000c0000000, 0x00000000eab00000, 0x00000000eab00000)
  object space 699392K, 2% used [0x00000000c0000000,0x00000000c1070dd0,0x00000000eab00000)
 Metaspace       used 44153K, capacity 44536K, committed 44928K, reserved 1085440K
  class space    used 8406K, capacity 8503K, committed 8576K, reserved 1048576K
}
Event: 4.477 GC heap before
{Heap before GC invocations=8 (full 4):
 PSYoungGen      total 305664K, used 96K [0x00000000eab00000, 0x0000000100000000, 0x0000000100000000)
  eden space 262144K, 0% used [0x00000000eab00000,0x00000000eab00000,0x00000000fab00000)
  from space 43520K, 0% used [0x00000000fd580000,0x00000000fd598000,0x0000000100000000)
  to   space 43520K, 0% used [0x00000000fab00000,0x00000000fab00000,0x00000000fd580000)
 ParOldGen       total 699392K, used 16835K [0x00000000c0000000, 0x00000000eab00000, 0x00000000eab00000)
  object space 699392K, 2% used [0x00000000c0000000,0x00000000c1070dd0,0x00000000eab00000)
 Metaspace       used 44153K, capacity 44536K, committed 44928K, reserved 1085440K
  class space    used 8406K, capacity 8503K, committed 8576K, reserved 1048576K
Event: 4.522 GC heap after
Heap after GC invocations=8 (full 4):
 PSYoungGen      total 305664K, used 0K [0x00000000eab00000, 0x0000000100000000, 0x0000000100000000)
  eden space 262144K, 0% used [0x00000000eab00000,0x00000000eab00000,0x00000000fab00000)
  from space 43520K, 0% used [0x00000000fd580000,0x00000000fd580000,0x0000000100000000)
  to   space 43520K, 0% used [0x00000000fab00000,0x00000000fab00000,0x00000000fd580000)
 ParOldGen       total 699392K, used 11052K [0x00000000c0000000, 0x00000000eab00000, 0x00000000eab00000)
  object space 699392K, 1% used [0x00000000c0000000,0x00000000c0acb3c8,0x00000000eab00000)
 Metaspace       used 44153K, capacity 44536K, committed 44928K, reserved 1085440K
  class space    used 8406K, capacity 8503K, committed 8576K, reserved 1048576K
}
Event: 6.103 GC heap before
{Heap before GC invocations=9 (full 4):
 PSYoungGen      total 305664K, used 262144K [0x00000000eab00000, 0x0000000100000000, 0x0000000100000000)
  eden space 262144K, 100% used [0x00000000eab00000,0x00000000fab00000,0x00000000fab00000)
  from space 43520K, 0% used [0x00000000fd580000,0x00000000fd580000,0x0000000100000000)
  to   space 43520K, 0% used [0x00000000fab00000,0x00000000fab00000,0x00000000fd580000)
 ParOldGen       total 699392K, used 11052K [0x00000000c0000000, 0x00000000eab00000, 0x00000000eab00000)
  object space 699392K, 1% used [0x00000000c0000000,0x00000000c0acb3c8,0x00000000eab00000)
 Metaspace       used 49164K, capacity 49638K, committed 49792K, reserved 1089536K
  class space    used 9635K, capacity 9800K, committed 9856K, reserved 1048576K
Event: 6.116 GC heap after
Heap after GC invocations=9 (full 4):
 PSYoungGen      total 305664K, used 17379K [0x00000000eab00000, 0x0000000100000000, 0x0000000100000000)
  eden space 262144K, 0% used [0x00000000eab00000,0x00000000eab00000,0x00000000fab00000)
  from space 43520K, 39% used [0x00000000fab00000,0x00000000fbbf8f18,0x00000000fd580000)
  to   space 43520K, 0% used [0x00000000fd580000,0x00000000fd580000,0x0000000100000000)
 ParOldGen       total 699392K, used 11052K [0x00000000c0000000, 0x00000000eab00000, 0x00000000eab00000)
  object space 699392K, 1% used [0x00000000c0000000,0x00000000c0acb3c8,0x00000000eab00000)
 Metaspace       used 49164K, capacity 49638K, committed 49792K, reserved 1089536K
  class space    used 9635K, capacity 9800K, committed 9856K, reserved 1048576K
}

