# JRE version: Java(TM) SE Runtime Environment (8.0_151-b12) (build 1.8.0_151-b12)
# Java VM: Java HotSpot(TM) 64-Bit Server VM (25.151-b12 mixed mode linux-amd64 compressed oops)
Heap:
 PSYoungGen      total 1393152K, used 1344111K [0x0000000718e00000, 0x0000000776380000, 0x00000007c0000000)
  eden space 1278464K, 100% used [0x0000000718e00000,0x0000000766e80000,0x0000000766e80000)
  from space 114688K, 57% used [0x000000076de80000,0x0000000771e9bd50,0x0000000774e80000)
  to   space 114688K, 16% used [0x0000000766e80000,0x0000000768091788,0x000000076de80000)
 ParOldGen       total 524800K, used 73023K [0x00000005caa00000, 0x00000005eaa80000, 0x0000000718e00000)
  object space 524800K, 13% used [0x00000005caa00000,0x00000005cf14fc48,0x00000005eaa80000)
 Metaspace       used 83893K, capacity 84664K, committed 85080K, reserved 1118208K
  class space    used 15153K, capacity 15402K, committed 15488K, reserved 1048576K
GC Heap History (10 events):
Event: 144.181 GC heap after
Heap after GC invocations=27 (full 7):
 PSYoungGen      total 990720K, used 81477K [0x0000000718e00000, 0x0000000760280000, 0x00000007c0000000)
  eden space 889856K, 0% used [0x0000000718e00000,0x0000000718e00000,0x000000074f300000)
  from space 100864K, 80% used [0x0000000755f80000,0x000000075af11760,0x000000075c200000)
  to   space 111104K, 0% used [0x000000074f300000,0x000000074f300000,0x0000000755f80000)
 ParOldGen       total 524800K, used 73023K [0x00000005caa00000, 0x00000005eaa80000, 0x0000000718e00000)
  object space 524800K, 13% used [0x00000005caa00000,0x00000005cf14fc48,0x00000005eaa80000)
 Metaspace       used 83582K, capacity 84408K, committed 84696K, reserved 1118208K
  class space    used 15075K, capacity 15338K, committed 15360K, reserved 1048576K
}
Event: 157.384 GC heap before
{Heap before GC invocations=28 (full 7):
 PSYoungGen      total 990720K, used 971333K [0x0000000718e00000, 0x0000000760280000, 0x00000007c0000000)
  eden space 889856K, 100% used [0x0000000718e00000,0x000000074f300000,0x000000074f300000)
  from space 100864K, 80% used [0x0000000755f80000,0x000000075af11760,0x000000075c200000)
  to   space 111104K, 0% used [0x000000074f300000,0x000000074f300000,0x0000000755f80000)
 ParOldGen       total 524800K, used 73023K [0x00000005caa00000, 0x00000005eaa80000, 0x0000000718e00000)
  object space 524800K, 13% used [0x00000005caa00000,0x00000005cf14fc48,0x00000005eaa80000)
 Metaspace       used 83893K, capacity 84664K, committed 85080K, reserved 1118208K
  class space    used 15153K, capacity 15402K, committed 15488K, reserved 1048576K
Event: 157.436 GC heap after
Heap after GC invocations=28 (full 7):
 PSYoungGen      total 1000960K, used 66873K [0x0000000718e00000, 0x0000000767080000, 0x00000007c0000000)
  eden space 889856K, 0% used [0x0000000718e00000,0x0000000718e00000,0x000000074f300000)
  from space 111104K, 60% used [0x000000074f300000,0x000000075344e610,0x0000000755f80000)
  to   space 113664K, 0% used [0x0000000760180000,0x0000000760180000,0x0000000767080000)
 ParOldGen       total 524800K, used 73023K [0x00000005caa00000, 0x00000005eaa80000, 0x0000000718e00000)
  object space 524800K, 13% used [0x00000005caa00000,0x00000005cf14fc48,0x00000005eaa80000)
 Metaspace       used 83893K, capacity 84664K, committed 85080K, reserved 1118208K
  class space    used 15153K, capacity 15402K, committed 15488K, reserved 1048576K
}
Event: 158.407 GC heap before
{Heap before GC invocations=29 (full 7):
 PSYoungGen      total 1000960K, used 956729K [0x0000000718e00000, 0x0000000767080000, 0x00000007c0000000)
  eden space 889856K, 100% used [0x0000000718e00000,0x000000074f300000,0x000000074f300000)
  from space 111104K, 60% used [0x000000074f300000,0x000000075344e610,0x0000000755f80000)
  to   space 113664K, 0% used [0x0000000760180000,0x0000000760180000,0x0000000767080000)
 ParOldGen       total 524800K, used 73023K [0x00000005caa00000, 0x00000005eaa80000, 0x0000000718e00000)
  object space 524800K, 13% used [0x00000005caa00000,0x00000005cf14fc48,0x00000005eaa80000)
 Metaspace       used 83893K, capacity 84664K, committed 85080K, reserved 1118208K
  class space    used 15153K, capacity 15402K, committed 15488K, reserved 1048576K
Event: 158.463 GC heap after
Heap after GC invocations=29 (full 7):
 PSYoungGen      total 1166336K, used 64808K [0x0000000718e00000, 0x0000000768880000, 0x00000007c0000000)
  eden space 1052672K, 0% used [0x0000000718e00000,0x0000000718e00000,0x0000000759200000)
  from space 113664K, 57% used [0x0000000760180000,0x00000007640ca168,0x0000000767080000)
  to   space 114176K, 0% used [0x0000000759200000,0x0000000759200000,0x0000000760180000)
 ParOldGen       total 524800K, used 73023K [0x00000005caa00000, 0x00000005eaa80000, 0x0000000718e00000)
  object space 524800K, 13% used [0x00000005caa00000,0x00000005cf14fc48,0x00000005eaa80000)
 Metaspace       used 83893K, capacity 84664K, committed 85080K, reserved 1118208K
  class space    used 15153K, capacity 15402K, committed 15488K, reserved 1048576K
}
Event: 159.866 GC heap before
{Heap before GC invocations=30 (full 7):
 PSYoungGen      total 1166336K, used 1117480K [0x0000000718e00000, 0x0000000768880000, 0x00000007c0000000)
  eden space 1052672K, 100% used [0x0000000718e00000,0x0000000759200000,0x0000000759200000)
  from space 113664K, 57% used [0x0000000760180000,0x00000007640ca168,0x0000000767080000)
  to   space 114176K, 0% used [0x0000000759200000,0x0000000759200000,0x0000000760180000)
 ParOldGen       total 524800K, used 73023K [0x00000005caa00000, 0x00000005eaa80000, 0x0000000718e00000)
  object space 524800K, 13% used [0x00000005caa00000,0x00000005cf14fc48,0x00000005eaa80000)
 Metaspace       used 83893K, capacity 84664K, committed 85080K, reserved 1118208K
  class space    used 15153K, capacity 15402K, committed 15488K, reserved 1048576K
Event: 159.922 GC heap after
Heap after GC invocations=30 (full 7):
 PSYoungGen      total 1166848K, used 65951K [0x0000000718e00000, 0x0000000774e80000, 0x00000007c0000000)
  eden space 1052672K, 0% used [0x0000000718e00000,0x0000000718e00000,0x0000000759200000)
  from space 114176K, 57% used [0x0000000759200000,0x000000075d267cb0,0x0000000760180000)
  to   space 114688K, 0% used [0x000000076de80000,0x000000076de80000,0x0000000774e80000)
 ParOldGen       total 524800K, used 73023K [0x00000005caa00000, 0x00000005eaa80000, 0x0000000718e00000)
  object space 524800K, 13% used [0x00000005caa00000,0x00000005cf14fc48,0x00000005eaa80000)
 Metaspace       used 83893K, capacity 84664K, committed 85080K, reserved 1118208K
  class space    used 15153K, capacity 15402K, committed 15488K, reserved 1048576K
}
Event: 161.010 GC heap before
{Heap before GC invocations=31 (full 7):
 PSYoungGen      total 1166848K, used 1118623K [0x0000000718e00000, 0x0000000774e80000, 0x00000007c0000000)
  eden space 1052672K, 100% used [0x0000000718e00000,0x0000000759200000,0x0000000759200000)
  from space 114176K, 57% used [0x0000000759200000,0x000000075d267cb0,0x0000000760180000)
  to   space 114688K, 0% used [0x000000076de80000,0x000000076de80000,0x0000000774e80000)
 ParOldGen       total 524800K, used 73023K [0x00000005caa00000, 0x00000005eaa80000, 0x0000000718e00000)
  object space 524800K, 13% used [0x00000005caa00000,0x00000005cf14fc48,0x00000005eaa80000)
 Metaspace       used 83893K, capacity 84664K, committed 85080K, reserved 1118208K
  class space    used 15153K, capacity 15402K, committed 15488K, reserved 1048576K
Event: 161.087 GC heap after
Heap after GC invocations=31 (full 7):
 PSYoungGen      total 1393152K, used 65647K [0x0000000718e00000, 0x0000000776380000, 0x00000007c0000000)
  eden space 1278464K, 0% used [0x0000000718e00000,0x0000000718e00000,0x0000000766e80000)
  from space 114688K, 57% used [0x000000076de80000,0x0000000771e9bd50,0x0000000774e80000)
  to   space 114688K, 0% used [0x0000000766e80000,0x0000000766e80000,0x000000076de80000)
 ParOldGen       total 524800K, used 73023K [0x00000005caa00000, 0x00000005eaa80000, 0x0000000718e00000)
  object space 524800K, 13% used [0x00000005caa00000,0x00000005cf14fc48,0x00000005eaa80000)
 Metaspace       used 83893K, capacity 84664K, committed 85080K, reserved 1118208K
  class space    used 15153K, capacity 15402K, committed 15488K, reserved 1048576K
}
Event: 162.446 GC heap before
{Heap before GC invocations=32 (full 7):
 PSYoungGen      total 1393152K, used 1344111K [0x0000000718e00000, 0x0000000776380000, 0x00000007c0000000)
  eden space 1278464K, 100% used [0x0000000718e00000,0x0000000766e80000,0x0000000766e80000)
  from space 114688K, 57% used [0x000000076de80000,0x0000000771e9bd50,0x0000000774e80000)
  to   space 114688K, 0% used [0x0000000766e80000,0x0000000766e80000,0x000000076de80000)
 ParOldGen       total 524800K, used 73023K [0x00000005caa00000, 0x00000005eaa80000, 0x0000000718e00000)
  object space 524800K, 13% used [0x00000005caa00000,0x00000005cf14fc48,0x00000005eaa80000)
 Metaspace       used 83893K, capacity 84664K, committed 85080K, reserved 1118208K
  class space    used 15153K, capacity 15402K, committed 15488K, reserved 1048576K

