# JRE version: Java(TM) SE Runtime Environment (8.0_151-b12) (build 1.8.0_151-b12)
# Java VM: Java HotSpot(TM) 64-Bit Server VM (25.151-b12 mixed mode linux-amd64 compressed oops)
Heap:
 PSYoungGen      total 304640K, used 15332K [0x00000000eab00000, 0x0000000100000000, 0x0000000100000000)
  eden space 260096K, 0% used [0x00000000eab00000,0x00000000eab00000,0x00000000fa900000)
  from space 44544K, 34% used [0x00000000fa900000,0x00000000fb7f9388,0x00000000fd480000)
  to   space 41984K, 0% used [0x00000000fd700000,0x00000000fd700000,0x0000000100000000)
 ParOldGen       total 699392K, used 81638K [0x00000000c0000000, 0x00000000eab00000, 0x00000000eab00000)
  object space 699392K, 11% used [0x00000000c0000000,0x00000000c4fb9be0,0x00000000eab00000)
 Metaspace       used 73558K, capacity 74338K, committed 74456K, reserved 1110016K
  class space    used 13244K, capacity 13478K, committed 13528K, reserved 1048576K
GC Heap History (10 events):
Event: 42.806 GC heap after
Heap after GC invocations=21 (full 4):
 PSYoungGen      total 302592K, used 2016K [0x00000000eab00000, 0x0000000100000000, 0x0000000100000000)
  eden space 256000K, 0% used [0x00000000eab00000,0x00000000eab00000,0x00000000fa500000)
  from space 46592K, 4% used [0x00000000fa500000,0x00000000fa6f8000,0x00000000fd280000)
  to   space 46080K, 0% used [0x00000000fd300000,0x00000000fd300000,0x0000000100000000)
 ParOldGen       total 699392K, used 60863K [0x00000000c0000000, 0x00000000eab00000, 0x00000000eab00000)
  object space 699392K, 8% used [0x00000000c0000000,0x00000000c3b6ff90,0x00000000eab00000)
 Metaspace       used 65479K, capacity 66152K, committed 66304K, reserved 1103872K
  class space    used 11757K, capacity 11959K, committed 12032K, reserved 1048576K
}
Event: 43.119 GC heap before
{Heap before GC invocations=22 (full 4):
 PSYoungGen      total 302592K, used 258016K [0x00000000eab00000, 0x0000000100000000, 0x0000000100000000)
  eden space 256000K, 100% used [0x00000000eab00000,0x00000000fa500000,0x00000000fa500000)
  from space 46592K, 4% used [0x00000000fa500000,0x00000000fa6f8000,0x00000000fd280000)
  to   space 46080K, 0% used [0x00000000fd300000,0x00000000fd300000,0x0000000100000000)
 ParOldGen       total 699392K, used 60863K [0x00000000c0000000, 0x00000000eab00000, 0x00000000eab00000)
  object space 699392K, 8% used [0x00000000c0000000,0x00000000c3b6ff90,0x00000000eab00000)
 Metaspace       used 65480K, capacity 66152K, committed 66304K, reserved 1103872K
  class space    used 11757K, capacity 11959K, committed 12032K, reserved 1048576K
Event: 43.133 GC heap after
Heap after GC invocations=22 (full 4):
 PSYoungGen      total 303616K, used 2080K [0x00000000eab00000, 0x0000000100000000, 0x0000000100000000)
  eden space 257536K, 0% used [0x00000000eab00000,0x00000000eab00000,0x00000000fa680000)
  from space 46080K, 4% used [0x00000000fd300000,0x00000000fd508000,0x0000000100000000)
  to   space 45568K, 0% used [0x00000000fa680000,0x00000000fa680000,0x00000000fd300000)
 ParOldGen       total 699392K, used 62559K [0x00000000c0000000, 0x00000000eab00000, 0x00000000eab00000)
  object space 699392K, 8% used [0x00000000c0000000,0x00000000c3d17f90,0x00000000eab00000)
 Metaspace       used 65480K, capacity 66152K, committed 66304K, reserved 1103872K
  class space    used 11757K, capacity 11959K, committed 12032K, reserved 1048576K
}
Event: 43.563 GC heap before
{Heap before GC invocations=23 (full 4):
 PSYoungGen      total 303616K, used 259616K [0x00000000eab00000, 0x0000000100000000, 0x0000000100000000)
  eden space 257536K, 100% used [0x00000000eab00000,0x00000000fa680000,0x00000000fa680000)
  from space 46080K, 4% used [0x00000000fd300000,0x00000000fd508000,0x0000000100000000)
  to   space 45568K, 0% used [0x00000000fa680000,0x00000000fa680000,0x00000000fd300000)
 ParOldGen       total 699392K, used 62559K [0x00000000c0000000, 0x00000000eab00000, 0x00000000eab00000)
  object space 699392K, 8% used [0x00000000c0000000,0x00000000c3d17f90,0x00000000eab00000)
 Metaspace       used 65503K, capacity 66152K, committed 66304K, reserved 1103872K
  class space    used 11757K, capacity 11959K, committed 12032K, reserved 1048576K
Event: 43.574 GC heap after
Heap after GC invocations=23 (full 4):
 PSYoungGen      total 303104K, used 2800K [0x00000000eab00000, 0x0000000100000000, 0x0000000100000000)
  eden space 257536K, 0% used [0x00000000eab00000,0x00000000eab00000,0x00000000fa680000)
  from space 45568K, 6% used [0x00000000fa680000,0x00000000fa93c010,0x00000000fd300000)
  to   space 44544K, 0% used [0x00000000fd480000,0x00000000fd480000,0x0000000100000000)
 ParOldGen       total 699392K, used 64407K [0x00000000c0000000, 0x00000000eab00000, 0x00000000eab00000)
  object space 699392K, 9% used [0x00000000c0000000,0x00000000c3ee5f90,0x00000000eab00000)
 Metaspace       used 65503K, capacity 66152K, committed 66304K, reserved 1103872K
  class space    used 11757K, capacity 11959K, committed 12032K, reserved 1048576K
}
Event: 44.942 GC heap before
{Heap before GC invocations=24 (full 4):
 PSYoungGen      total 303104K, used 260336K [0x00000000eab00000, 0x0000000100000000, 0x0000000100000000)
  eden space 257536K, 100% used [0x00000000eab00000,0x00000000fa680000,0x00000000fa680000)
  from space 45568K, 6% used [0x00000000fa680000,0x00000000fa93c010,0x00000000fd300000)
  to   space 44544K, 0% used [0x00000000fd480000,0x00000000fd480000,0x0000000100000000)
 ParOldGen       total 699392K, used 64407K [0x00000000c0000000, 0x00000000eab00000, 0x00000000eab00000)
  object space 699392K, 9% used [0x00000000c0000000,0x00000000c3ee5f90,0x00000000eab00000)
 Metaspace       used 70910K, capacity 71638K, committed 71808K, reserved 1107968K
  class space    used 12721K, capacity 12922K, committed 12928K, reserved 1048576K
Event: 44.982 GC heap after
Heap after GC invocations=24 (full 4):
 PSYoungGen      total 304640K, used 22149K [0x00000000eab00000, 0x0000000100000000, 0x0000000100000000)
  eden space 260096K, 0% used [0x00000000eab00000,0x00000000eab00000,0x00000000fa900000)
  from space 44544K, 49% used [0x00000000fd480000,0x00000000fea216b0,0x0000000100000000)
  to   space 44544K, 0% used [0x00000000fa900000,0x00000000fa900000,0x00000000fd480000)
 ParOldGen       total 699392K, used 66742K [0x00000000c0000000, 0x00000000eab00000, 0x00000000eab00000)
  object space 699392K, 9% used [0x00000000c0000000,0x00000000c412daf0,0x00000000eab00000)
 Metaspace       used 70910K, capacity 71638K, committed 71808K, reserved 1107968K
  class space    used 12721K, capacity 12922K, committed 12928K, reserved 1048576K
}
Event: 45.285 GC heap before
{Heap before GC invocations=25 (full 4):
 PSYoungGen      total 304640K, used 122467K [0x00000000eab00000, 0x0000000100000000, 0x0000000100000000)
  eden space 260096K, 38% used [0x00000000eab00000,0x00000000f0cf76f8,0x00000000fa900000)
  from space 44544K, 49% used [0x00000000fd480000,0x00000000fea216b0,0x0000000100000000)
  to   space 44544K, 0% used [0x00000000fa900000,0x00000000fa900000,0x00000000fd480000)
 ParOldGen       total 699392K, used 66742K [0x00000000c0000000, 0x00000000eab00000, 0x00000000eab00000)
  object space 699392K, 9% used [0x00000000c0000000,0x00000000c412daf0,0x00000000eab00000)
 Metaspace       used 73558K, capacity 74338K, committed 74456K, reserved 1110016K
  class space    used 13244K, capacity 13478K, committed 13528K, reserved 1048576K
Event: 45.315 GC heap after
Heap after GC invocations=25 (full 4):
 PSYoungGen      total 304640K, used 15332K [0x00000000eab00000, 0x0000000100000000, 0x0000000100000000)
  eden space 260096K, 0% used [0x00000000eab00000,0x00000000eab00000,0x00000000fa900000)
  from space 44544K, 34% used [0x00000000fa900000,0x00000000fb7f9388,0x00000000fd480000)
  to   space 41984K, 0% used [0x00000000fd700000,0x00000000fd700000,0x0000000100000000)
 ParOldGen       total 699392K, used 81638K [0x00000000c0000000, 0x00000000eab00000, 0x00000000eab00000)
  object space 699392K, 11% used [0x00000000c0000000,0x00000000c4fb9be0,0x00000000eab00000)
 Metaspace       used 73558K, capacity 74338K, committed 74456K, reserved 1110016K
  class space    used 13244K, capacity 13478K, committed 13528K, reserved 1048576K
}
Event: 45.315 GC heap before
{Heap before GC invocations=26 (full 5):
 PSYoungGen      total 304640K, used 15332K [0x00000000eab00000, 0x0000000100000000, 0x0000000100000000)
  eden space 260096K, 0% used [0x00000000eab00000,0x00000000eab00000,0x00000000fa900000)
  from space 44544K, 34% used [0x00000000fa900000,0x00000000fb7f9388,0x00000000fd480000)
  to   space 41984K, 0% used [0x00000000fd700000,0x00000000fd700000,0x0000000100000000)
 ParOldGen       total 699392K, used 81638K [0x00000000c0000000, 0x00000000eab00000, 0x00000000eab00000)
  object space 699392K, 11% used [0x00000000c0000000,0x00000000c4fb9be0,0x00000000eab00000)
 Metaspace       used 73558K, capacity 74338K, committed 74456K, reserved 1110016K
  class space    used 13244K, capacity 13478K, committed 13528K, reserved 1048576K

